<?xml version="1.0" encoding="UTF-8"?>
<!-- Generated by org.testng.reporters.JUnitXMLReporter -->
<testsuite ignored="0" hostname="Bhargav" failures="1" tests="1" name="Test" time="0.049" errors="0" timestamp="15 May 2021 16:26:35 GMT">
  <testcase classname="Testng.Paralle1.crossbrowser" name="startbrowser" time="0.0">
    <failure type="org.testng.TestNGException" message="
Cannot inject @Test annotated Method [startbrowser] with [class java.lang.String].
For more information on native dependency injection please refer to http://testng.org/doc/documentation-main.html#native-dependency-injection">
      <![CDATA[org.testng.TestNGException: 
Cannot inject @Test annotated Method [startbrowser] with [class java.lang.String].
For more information on native dependency injection please refer to http://testng.org/doc/documentation-main.html#native-dependency-injection
... Removed 24 stack frames]]>
    </failure>
  </testcase> <!-- startbrowser -->
</testsuite> <!-- Test -->
